<?xml version="1.0" encoding="UTF-8"?>
<!-- Generated by org.testng.reporters.JUnitReportReporter -->
<testsuite hostname="mrobserver" failures="0" tests="3" name="com.hcl.bdd.cucumber.TestRunner" time="0.143" errors="0" timestamp="2026-02-01T00:25:29 IST" skipped="0">
  <testcase classname="com.hcl.bdd.cucumber.TestRunner" name="runScenario" time="0.012"/>
  <testcase classname="com.hcl.bdd.cucumber.TestRunner" name="runScenario" time="0.012"/>
  <testcase classname="com.hcl.bdd.cucumber.TestRunner" name="runScenario" time="0.119"/>
</testsuite> <!-- com.hcl.bdd.cucumber.TestRunner -->
