<?xml version="1.0" encoding="UTF-8"?>
<!-- Generated by org.testng.reporters.JUnitReportReporter -->
<testsuite hostname="mrobserver" failures="0" tests="3" name="com.hcl.bdd.TestRunner" time="47.395" errors="0" timestamp="2026-02-01T02:46:47 IST" skipped="0">
  <testcase classname="com.hcl.bdd.TestRunner" name="runScenario" time="11.904"/>
  <testcase classname="com.hcl.bdd.TestRunner" name="runScenario" time="16.571"/>
  <testcase classname="com.hcl.bdd.TestRunner" name="runScenario" time="18.920"/>
</testsuite> <!-- com.hcl.bdd.TestRunner -->
