<?xml version="1.0" encoding="UTF-8"?>
<!-- Generated by org.testng.reporters.JUnitReportReporter -->
<testsuite hostname="mrobserver" failures="0" tests="5" name="com.hcl.bdd.TestRunner" time="24.818" errors="0" timestamp="2026-02-03T21:49:06 IST" skipped="0">
  <testcase classname="com.hcl.bdd.TestRunner" name="runScenario" time="5.289"/>
  <testcase classname="com.hcl.bdd.TestRunner" name="runScenario" time="2.852"/>
  <testcase classname="com.hcl.bdd.TestRunner" name="runScenario" time="11.120"/>
  <testcase classname="com.hcl.bdd.TestRunner" name="runScenario" time="2.987"/>
  <testcase classname="com.hcl.bdd.TestRunner" name="runScenario" time="2.570"/>
</testsuite> <!-- com.hcl.bdd.TestRunner -->
