<?xml version="1.0" encoding="UTF-8"?>
<testng-results ignored="0" total="3" passed="3" failed="0" skipped="0">
  <reporter-output>
  </reporter-output>
  <suite started-at="2026-02-01T02:45:58 IST" name="Default suite" finished-at="2026-02-01T02:46:47 IST" duration-ms="48688">
    <groups>
      <group name="cucumber">
        <method signature="AbstractTestNGCucumberTests.runScenario(io.cucumber.testng.PickleWrapper,io.cucumber.testng.FeatureWrapper)[pri:0, instance:com.hcl.bdd.TestRunner@4c402120]" name="runScenario" class="io.cucumber.testng.AbstractTestNGCucumberTests"/>
      </group> <!-- cucumber -->
    </groups>
    <test started-at="2026-02-01T02:45:58 IST" name="Default test" finished-at="2026-02-01T02:46:47 IST" duration-ms="48688">
      <class name="com.hcl.bdd.TestRunner">
        <test-method is-config="true" signature="setUpClass(org.testng.ITestContext)[pri:0, instance:com.hcl.bdd.TestRunner@4c402120]" started-at="2026-02-01T02:45:58 IST" name="setUpClass" finished-at="2026-02-01T02:45:59 IST" duration-ms="1063" status="PASS">
          <params>
            <param index="0">
              <value>
                <![CDATA[org.testng.TestRunner@2b5183ec]]>
              </value>
            </param>
          </params>
          <reporter-output>
          </reporter-output>
        </test-method> <!-- setUpClass -->
        <test-method signature="runScenario(io.cucumber.testng.PickleWrapper,io.cucumber.testng.FeatureWrapper)[pri:0, instance:com.hcl.bdd.TestRunner@4c402120]" started-at="2026-02-01T02:45:59 IST" name="runScenario" description="Runs Cucumber Scenarios" data-provider="scenarios" finished-at="2026-02-01T02:46:18 IST" duration-ms="18920" status="PASS">
          <params>
            <param index="0">
              <value>
                <![CDATA["check if login is successful for valid credentials"]]>
              </value>
            </param>
            <param index="1">
              <value>
                <![CDATA["feature to test login functionality"]]>
              </value>
            </param>
          </params>
          <reporter-output>
          </reporter-output>
        </test-method> <!-- runScenario -->
        <test-method signature="runScenario(io.cucumber.testng.PickleWrapper,io.cucumber.testng.FeatureWrapper)[pri:0, instance:com.hcl.bdd.TestRunner@4c402120]" started-at="2026-02-01T02:46:18 IST" name="runScenario" description="Runs Cucumber Scenarios" data-provider="scenarios" finished-at="2026-02-01T02:46:35 IST" duration-ms="16571" status="PASS">
          <params>
            <param index="0">
              <value>
                <![CDATA["check if login is successful for valid credentials"]]>
              </value>
            </param>
            <param index="1">
              <value>
                <![CDATA["feature to test login functionality"]]>
              </value>
            </param>
          </params>
          <reporter-output>
          </reporter-output>
        </test-method> <!-- runScenario -->
        <test-method signature="runScenario(io.cucumber.testng.PickleWrapper,io.cucumber.testng.FeatureWrapper)[pri:0, instance:com.hcl.bdd.TestRunner@4c402120]" started-at="2026-02-01T02:46:35 IST" name="runScenario" description="Runs Cucumber Scenarios" data-provider="scenarios" finished-at="2026-02-01T02:46:47 IST" duration-ms="11904" status="PASS">
          <params>
            <param index="0">
              <value>
                <![CDATA["check if login fails for locked out users"]]>
              </value>
            </param>
            <param index="1">
              <value>
                <![CDATA["feature to test login functionality"]]>
              </value>
            </param>
          </params>
          <reporter-output>
          </reporter-output>
        </test-method> <!-- runScenario -->
        <test-method is-config="true" signature="tearDownClass()[pri:0, instance:com.hcl.bdd.TestRunner@4c402120]" started-at="2026-02-01T02:46:47 IST" name="tearDownClass" finished-at="2026-02-01T02:46:47 IST" duration-ms="124" status="PASS">
          <reporter-output>
          </reporter-output>
        </test-method> <!-- tearDownClass -->
      </class> <!-- com.hcl.bdd.TestRunner -->
    </test> <!-- Default test -->
  </suite> <!-- Default suite -->
</testng-results>
