<?xml version="1.0" encoding="UTF-8"?>
<testng-results ignored="0" total="5" passed="5" failed="0" skipped="0">
  <reporter-output>
  </reporter-output>
  <suite started-at="2026-02-03T21:48:39 IST" name="Default suite" finished-at="2026-02-03T21:49:06 IST" duration-ms="26474">
    <groups>
      <group name="cucumber">
        <method signature="AbstractTestNGCucumberTests.runScenario(io.cucumber.testng.PickleWrapper,io.cucumber.testng.FeatureWrapper)[pri:0, instance:com.hcl.bdd.TestRunner@2925bf5b]" name="runScenario" class="io.cucumber.testng.AbstractTestNGCucumberTests"/>
      </group> <!-- cucumber -->
    </groups>
    <test started-at="2026-02-03T21:48:39 IST" name="Default test" finished-at="2026-02-03T21:49:06 IST" duration-ms="26474">
      <class name="com.hcl.bdd.TestRunner">
        <test-method is-config="true" signature="setUpClass(org.testng.ITestContext)[pri:0, instance:com.hcl.bdd.TestRunner@2925bf5b]" started-at="2026-02-03T21:48:39 IST" name="setUpClass" finished-at="2026-02-03T21:48:40 IST" duration-ms="965" status="PASS">
          <params>
            <param index="0">
              <value>
                <![CDATA[org.testng.TestRunner@70ede57d]]>
              </value>
            </param>
          </params>
          <reporter-output>
          </reporter-output>
        </test-method> <!-- setUpClass -->
        <test-method signature="runScenario(io.cucumber.testng.PickleWrapper,io.cucumber.testng.FeatureWrapper)[pri:0, instance:com.hcl.bdd.TestRunner@2925bf5b]" started-at="2026-02-03T21:48:40 IST" name="runScenario" description="Runs Cucumber Scenarios" data-provider="scenarios" finished-at="2026-02-03T21:48:51 IST" duration-ms="11120" status="PASS">
          <params>
            <param index="0">
              <value>
                <![CDATA["Check if items are properly adding to the cart"]]>
              </value>
            </param>
            <param index="1">
              <value>
                <![CDATA["Test the inventory features"]]>
              </value>
            </param>
          </params>
          <reporter-output>
          </reporter-output>
        </test-method> <!-- runScenario -->
        <test-method signature="runScenario(io.cucumber.testng.PickleWrapper,io.cucumber.testng.FeatureWrapper)[pri:0, instance:com.hcl.bdd.TestRunner@2925bf5b]" started-at="2026-02-03T21:48:51 IST" name="runScenario" description="Runs Cucumber Scenarios" data-provider="scenarios" finished-at="2026-02-03T21:48:54 IST" duration-ms="2987" status="PASS">
          <params>
            <param index="0">
              <value>
                <![CDATA["Check working of logout button"]]>
              </value>
            </param>
            <param index="1">
              <value>
                <![CDATA["Test the inventory features"]]>
              </value>
            </param>
          </params>
          <reporter-output>
          </reporter-output>
        </test-method> <!-- runScenario -->
        <test-method signature="runScenario(io.cucumber.testng.PickleWrapper,io.cucumber.testng.FeatureWrapper)[pri:0, instance:com.hcl.bdd.TestRunner@2925bf5b]" started-at="2026-02-03T21:48:54 IST" name="runScenario" description="Runs Cucumber Scenarios" data-provider="scenarios" finished-at="2026-02-03T21:49:00 IST" duration-ms="5289" status="PASS">
          <params>
            <param index="0">
              <value>
                <![CDATA["check if login is successful for valid credentials"]]>
              </value>
            </param>
            <param index="1">
              <value>
                <![CDATA["feature to test login functionality"]]>
              </value>
            </param>
          </params>
          <reporter-output>
          </reporter-output>
        </test-method> <!-- runScenario -->
        <test-method signature="runScenario(io.cucumber.testng.PickleWrapper,io.cucumber.testng.FeatureWrapper)[pri:0, instance:com.hcl.bdd.TestRunner@2925bf5b]" started-at="2026-02-03T21:49:00 IST" name="runScenario" description="Runs Cucumber Scenarios" data-provider="scenarios" finished-at="2026-02-03T21:49:02 IST" duration-ms="2570" status="PASS">
          <params>
            <param index="0">
              <value>
                <![CDATA["check if login is successful for valid credentials"]]>
              </value>
            </param>
            <param index="1">
              <value>
                <![CDATA["feature to test login functionality"]]>
              </value>
            </param>
          </params>
          <reporter-output>
          </reporter-output>
        </test-method> <!-- runScenario -->
        <test-method signature="runScenario(io.cucumber.testng.PickleWrapper,io.cucumber.testng.FeatureWrapper)[pri:0, instance:com.hcl.bdd.TestRunner@2925bf5b]" started-at="2026-02-03T21:49:02 IST" name="runScenario" description="Runs Cucumber Scenarios" data-provider="scenarios" finished-at="2026-02-03T21:49:05 IST" duration-ms="2852" status="PASS">
          <params>
            <param index="0">
              <value>
                <![CDATA["check if login fails for locked out users"]]>
              </value>
            </param>
            <param index="1">
              <value>
                <![CDATA["feature to test login functionality"]]>
              </value>
            </param>
          </params>
          <reporter-output>
          </reporter-output>
        </test-method> <!-- runScenario -->
        <test-method is-config="true" signature="tearDownClass()[pri:0, instance:com.hcl.bdd.TestRunner@2925bf5b]" started-at="2026-02-03T21:49:05 IST" name="tearDownClass" finished-at="2026-02-03T21:49:06 IST" duration-ms="560" status="PASS">
          <reporter-output>
          </reporter-output>
        </test-method> <!-- tearDownClass -->
      </class> <!-- com.hcl.bdd.TestRunner -->
    </test> <!-- Default test -->
  </suite> <!-- Default suite -->
</testng-results>
